2025-11-10 19:38:36,953 - INFO - --- Starting Ranking Automator Script for worksheet 'Ranking Automator' ---
2025-11-10 19:38:36,953 - INFO - Connecting to Google Sheets API...
2025-11-10 19:38:37,006 - INFO - Successfully connected to Google Sheets API.
2025-11-10 19:38:40,691 - INFO - Fetching data from worksheet: 'Ranking Automator'
2025-11-10 19:38:41,151 - INFO - Successfully fetched 4 keywords.
2025-11-10 19:38:41,151 - INFO - Initializing human-like Chrome WebDriver...
2025-11-10 19:38:41,151 - INFO - Using User-Agent: Mozilla/5.0 (Macintosh; Intel Mac OS X 10_15_7) AppleWebKit/537.36 (KHTML, like Gecko) Chrome/124.0.0.0 Safari/537.36
2025-11-10 19:38:41,151 - INFO - ====== WebDriver manager ======
2025-11-10 19:38:43,439 - INFO - Get LATEST chromedriver version for google-chrome
2025-11-10 19:38:44,001 - INFO - Get LATEST chromedriver version for google-chrome
2025-11-10 19:38:44,527 - INFO - Driver [C:\Users\Abhishek Yadav\.wdm\drivers\chromedriver\win64\142.0.7444.61\chromedriver-win32/chromedriver.exe] found in cache
2025-11-10 19:38:47,357 - INFO - 
--- Processing keyword 1/4: 'application modernization solutions' ---
2025-11-10 19:38:52,092 - INFO - --- Scraping Page 1 for 'application modernization solutions' (pausing to simulate reading) ---
2025-11-10 19:38:54,187 - WARNING - !!! CAPTCHA DETECTED !!! Pausing script and waiting for manual intervention.
2025-11-10 19:38:54,208 - INFO - Preparing to send error email to: abhishek.yadav@infidigit.com
2025-11-10 19:38:57,416 - INFO - Error email sent successfully.
2025-11-10 19:39:19,663 - INFO - CAPTCHA solved! Resuming script.
2025-11-10 19:39:19,663 - INFO - --- Scraping Page 1 for 'application modernization solutions' (pausing to simulate reading) ---
2025-11-10 19:39:21,614 - INFO - Moving to next page...
2025-11-10 19:39:22,791 - INFO - --- Scraping Page 2 for 'application modernization solutions' (pausing to simulate reading) ---
2025-11-10 19:39:23,808 - INFO - Moving to next page...
2025-11-10 19:39:30,643 - INFO - --- Scraping Page 3 for 'application modernization solutions' (pausing to simulate reading) ---
2025-11-10 19:39:31,541 - INFO - Moving to next page...
2025-11-10 19:39:32,627 - INFO - --- Scraping Page 4 for 'application modernization solutions' (pausing to simulate reading) ---
2025-11-10 19:39:33,307 - INFO - Moving to next page...
2025-11-10 19:39:34,419 - INFO - --- Scraping Page 5 for 'application modernization solutions' (pausing to simulate reading) ---
2025-11-10 19:39:35,149 - INFO - Moving to next page...
2025-11-10 19:39:36,361 - INFO - --- Scraping Page 6 for 'application modernization solutions' (pausing to simulate reading) ---
2025-11-10 19:39:37,253 - INFO - Moving to next page...
2025-11-10 19:39:38,613 - INFO - --- Scraping Page 7 for 'application modernization solutions' (pausing to simulate reading) ---
2025-11-10 19:39:40,117 - INFO - Moving to next page...
2025-11-10 19:39:41,141 - INFO - --- Scraping Page 8 for 'application modernization solutions' (pausing to simulate reading) ---
2025-11-10 19:39:41,959 - INFO - Moving to next page...
2025-11-10 19:39:43,085 - INFO - --- Scraping Page 9 for 'application modernization solutions' (pausing to simulate reading) ---
2025-11-10 19:39:43,837 - INFO - Moving to next page...
2025-11-10 19:39:45,061 - INFO - --- Scraping Page 10 for 'application modernization solutions' (pausing to simulate reading) ---
2025-11-10 19:39:46,002 - INFO - Moving to next page...
2025-11-10 19:39:47,094 - INFO - Finished scraping for 'application modernization solutions'. Final Rank: Not Found
2025-11-10 19:39:48,104 - INFO - Updated Sheet for row 2.
2025-11-10 19:39:48,105 - INFO - Taking a break before the next keyword...
2025-11-10 19:39:48,145 - INFO - 
--- Processing keyword 2/4: 'vdi services in bangalore' ---
2025-11-10 19:39:51,919 - INFO - --- Scraping Page 1 for 'vdi services in bangalore' (pausing to simulate reading) ---
2025-11-10 19:39:57,838 - INFO - Moving to next page...
2025-11-10 19:39:58,928 - INFO - --- Scraping Page 2 for 'vdi services in bangalore' (pausing to simulate reading) ---
2025-11-10 19:39:59,982 - INFO - Moving to next page...
2025-11-10 19:40:00,898 - INFO - --- Scraping Page 3 for 'vdi services in bangalore' (pausing to simulate reading) ---
2025-11-10 19:40:01,915 - INFO - Moving to next page...
2025-11-10 19:40:02,782 - INFO - --- Scraping Page 4 for 'vdi services in bangalore' (pausing to simulate reading) ---
2025-11-10 19:40:03,807 - INFO - Moving to next page...
2025-11-10 19:40:04,635 - INFO - --- Scraping Page 5 for 'vdi services in bangalore' (pausing to simulate reading) ---
2025-11-10 19:40:05,519 - INFO - Moving to next page...
2025-11-10 19:40:06,549 - INFO - --- Scraping Page 6 for 'vdi services in bangalore' (pausing to simulate reading) ---
2025-11-10 19:40:07,219 - INFO - Moving to next page...
2025-11-10 19:40:09,467 - INFO - --- Scraping Page 7 for 'vdi services in bangalore' (pausing to simulate reading) ---
2025-11-10 19:40:10,081 - INFO - Moving to next page...
2025-11-10 19:40:11,130 - INFO - --- Scraping Page 8 for 'vdi services in bangalore' (pausing to simulate reading) ---
2025-11-10 19:40:12,417 - INFO - Moving to next page...
2025-11-10 19:40:13,280 - INFO - --- Scraping Page 9 for 'vdi services in bangalore' (pausing to simulate reading) ---
2025-11-10 19:40:13,832 - INFO - Moving to next page...
2025-11-10 19:40:14,907 - INFO - --- Scraping Page 10 for 'vdi services in bangalore' (pausing to simulate reading) ---
2025-11-10 19:40:15,644 - INFO - Moving to next page...
2025-11-10 19:40:17,062 - INFO - Finished scraping for 'vdi services in bangalore'. Final Rank: Not Found
2025-11-10 19:40:17,950 - INFO - Updated Sheet for row 3.
2025-11-10 19:40:17,951 - INFO - Taking a break before the next keyword...
2025-11-10 19:40:17,962 - INFO - 
--- Processing keyword 3/4: 'benefits of supply chain analytics' ---
2025-11-10 19:40:21,914 - INFO - --- Scraping Page 1 for 'benefits of supply chain analytics' (pausing to simulate reading) ---
2025-11-10 19:40:24,991 - INFO - Moving to next page...
2025-11-10 19:40:25,840 - INFO - --- Scraping Page 2 for 'benefits of supply chain analytics' (pausing to simulate reading) ---
2025-11-10 19:40:26,227 - INFO - Closing WebDriver.
2025-11-10 19:40:30,332 - WARNING - Retrying (Retry(total=2, connect=None, read=None, redirect=None, status=None)) after connection broken by 'NewConnectionError('<urllib3.connection.HTTPConnection object at 0x000001E2D1BF1010>: Failed to establish a new connection: [WinError 10061] No connection could be made because the target machine actively refused it')': /session/6a26cec2d5b1d0b7d7c720d1fada51de
2025-11-10 19:40:34,411 - WARNING - Retrying (Retry(total=1, connect=None, read=None, redirect=None, status=None)) after connection broken by 'NewConnectionError('<urllib3.connection.HTTPConnection object at 0x000001E2D1BF0F20>: Failed to establish a new connection: [WinError 10061] No connection could be made because the target machine actively refused it')': /session/6a26cec2d5b1d0b7d7c720d1fada51de
2025-11-10 19:40:38,487 - WARNING - Retrying (Retry(total=0, connect=None, read=None, redirect=None, status=None)) after connection broken by 'NewConnectionError('<urllib3.connection.HTTPConnection object at 0x000001E2D1BF0050>: Failed to establish a new connection: [WinError 10061] No connection could be made because the target machine actively refused it')': /session/6a26cec2d5b1d0b7d7c720d1fada51de
2025-11-10 19:40:42,578 - INFO - --- Ranking Automator Script Finished ---
